{"numFailedTestSuites":0,"numFailedTests":0,"numPassedTestSuites":1,"numPassedTests":1,"numPendingTestSuites":0,"numPendingTests":0,"numRuntimeErrorTestSuites":0,"numTodoTests":0,"numTotalTestSuites":1,"numTotalTests":1,"openHandles":[],"snapshot":{"added":0,"didUpdate":false,"failure":false,"filesAdded":0,"filesRemoved":0,"filesRemovedList":[],"filesUnmatched":0,"filesUpdated":0,"matched":0,"total":0,"unchecked":0,"uncheckedKeysByFile":[],"unmatched":0,"updated":0},"startTime":1606022982842,"success":true,"testResults":[{"assertionResults":[{"ancestorTitles":[],"failureMessages":[],"fullName":"renders the button in the primary state","location":null,"status":"passed","title":"renders the button in the primary state"}],"endTime":1606022986000,"message":"","name":"D:\\Documents\\Felix\\Projects\\react-useful-component\\src\\components\\ParallexComponent\\Parallex.test.tsx","startTime":1606022984237,"status":"passed","summary":""}],"wasInterrupted":false}