{"numFailedTestSuites":1,"numFailedTests":1,"numPassedTestSuites":0,"numPassedTests":1,"numPendingTestSuites":0,"numPendingTests":0,"numRuntimeErrorTestSuites":0,"numTodoTests":0,"numTotalTestSuites":1,"numTotalTests":2,"openHandles":[],"snapshot":{"added":0,"didUpdate":false,"failure":false,"filesAdded":0,"filesRemoved":0,"filesRemovedList":[],"filesUnmatched":0,"filesUpdated":0,"matched":0,"total":0,"unchecked":0,"uncheckedKeysByFile":[],"unmatched":0,"updated":0},"startTime":1606023659616,"success":false,"testResults":[{"assertionResults":[{"ancestorTitles":[],"failureMessages":[],"fullName":"Default Render","location":null,"status":"passed","title":"Default Render"},{"ancestorTitles":[],"failureMessages":["TestingLibraryElementError: Unable to find an element with the alt text: fail\n\n\u001b[36m<body>\u001b[39m\n  \u001b[36m<div>\u001b[39m\n    \u001b[36m<div\u001b[39m\n      \u001b[33mstyle\u001b[39m=\u001b[32m\"height: 200vh; width: 100%; text-align: center; padding: 300px;\"\u001b[39m\n    \u001b[36m>\u001b[39m\n      \u001b[36m<span>\u001b[39m\n        \u001b[0mTest\u001b[0m\n      \u001b[36m</span>\u001b[39m\n      \u001b[36m<img\u001b[39m\n        \u001b[33malt\u001b[39m=\u001b[32m\"test\"\u001b[39m\n        \u001b[33msrc\u001b[39m=\u001b[32m\"[object Object]\"\u001b[39m\n        \u001b[33mstyle\u001b[39m=\u001b[32m\"height: 200px; margin: 0px auto; position: relative;\"\u001b[39m\n      \u001b[36m/>\u001b[39m\n    \u001b[36m</div>\u001b[39m\n  \u001b[36m</div>\u001b[39m\n\u001b[36m</body>\u001b[39m\n    at Object.getElementError (D:\\Documents\\Felix\\Projects\\react-useful-component\\node_modules\\@testing-library\\dom\\dist\\config.js:37:19)\n    at D:\\Documents\\Felix\\Projects\\react-useful-component\\node_modules\\@testing-library\\dom\\dist\\query-helpers.js:90:38\n    at D:\\Documents\\Felix\\Projects\\react-useful-component\\node_modules\\@testing-library\\dom\\dist\\query-helpers.js:125:15\n    at Object.<anonymous> (D:\\Documents\\Felix\\Projects\\react-useful-component\\src\\components\\ParallexComponent\\Parallex.test.tsx:13:17)\n    at Object.asyncJestTest (D:\\Documents\\Felix\\Projects\\react-useful-component\\node_modules\\jest-jasmine2\\build\\jasmineAsyncInstall.js:106:37)\n    at D:\\Documents\\Felix\\Projects\\react-useful-component\\node_modules\\jest-jasmine2\\build\\queueRunner.js:45:12\n    at new Promise (<anonymous>)\n    at mapper (D:\\Documents\\Felix\\Projects\\react-useful-component\\node_modules\\jest-jasmine2\\build\\queueRunner.js:28:19)\n    at D:\\Documents\\Felix\\Projects\\react-useful-component\\node_modules\\jest-jasmine2\\build\\queueRunner.js:75:41\n    at processTicksAndRejections (internal/process/task_queues.js:97:5)"],"fullName":"Default Render reverse","location":null,"status":"failed","title":"Default Render reverse"}],"endTime":1606023664632,"message":"\u001b[1m\u001b[31m  \u001b[1m● \u001b[22m\u001b[1mDefault Render reverse\u001b[39m\u001b[22m\n\n    TestingLibraryElementError: Unable to find an element with the alt text: fail\n\n    \u001b[36m<body>\u001b[39m\n      \u001b[36m<div>\u001b[39m\n        \u001b[36m<div\u001b[39m\n          \u001b[33mstyle\u001b[39m=\u001b[32m\"height: 200vh; width: 100%; text-align: center; padding: 300px;\"\u001b[39m\n        \u001b[36m>\u001b[39m\n          \u001b[36m<span>\u001b[39m\n            \u001b[0mTest\u001b[0m\n          \u001b[36m</span>\u001b[39m\n          \u001b[36m<img\u001b[39m\n            \u001b[33malt\u001b[39m=\u001b[32m\"test\"\u001b[39m\n            \u001b[33msrc\u001b[39m=\u001b[32m\"[object Object]\"\u001b[39m\n            \u001b[33mstyle\u001b[39m=\u001b[32m\"height: 200px; margin: 0px auto; position: relative;\"\u001b[39m\n          \u001b[36m/>\u001b[39m\n        \u001b[36m</div>\u001b[39m\n      \u001b[36m</div>\u001b[39m\n    \u001b[36m</body>\u001b[39m\n\u001b[2m\u001b[22m\n\u001b[2m    \u001b[0m \u001b[90m 11 | \u001b[39mit(\u001b[32m'Default Render reverse'\u001b[39m\u001b[33m,\u001b[39m () \u001b[33m=>\u001b[39m {\u001b[0m\u001b[22m\n\u001b[2m    \u001b[0m \u001b[90m 12 | \u001b[39m  render(\u001b[33m<\u001b[39m\u001b[33mDefault\u001b[39m {\u001b[33m...\u001b[39m\u001b[33mDefault\u001b[39m\u001b[33m.\u001b[39margs} \u001b[33m/\u001b[39m\u001b[33m>\u001b[39m)\u001b[0m\u001b[22m\n\u001b[2m    \u001b[0m\u001b[31m\u001b[1m>\u001b[22m\u001b[2m\u001b[39m\u001b[90m 13 | \u001b[39m  expect(screen\u001b[33m.\u001b[39mgetAllByAltText(\u001b[32m'fail'\u001b[39m))\u001b[0m\u001b[22m\n\u001b[2m    \u001b[0m \u001b[90m    | \u001b[39m                \u001b[31m\u001b[1m^\u001b[22m\u001b[2m\u001b[39m\u001b[0m\u001b[22m\n\u001b[2m    \u001b[0m \u001b[90m 14 | \u001b[39m})\u001b[0m\u001b[22m\n\u001b[2m    \u001b[0m \u001b[90m 15 | \u001b[39m\u001b[0m\u001b[22m\n\u001b[2m\u001b[22m\n\u001b[2m      \u001b[2mat Object.getElementError (\u001b[22m\u001b[2mnode_modules/@testing-library/dom/dist/config.js\u001b[2m:37:19)\u001b[22m\u001b[2m\u001b[22m\n\u001b[2m      \u001b[2mat \u001b[22m\u001b[2mnode_modules/@testing-library/dom/dist/query-helpers.js\u001b[2m:90:38\u001b[22m\u001b[2m\u001b[22m\n\u001b[2m      \u001b[2mat \u001b[22m\u001b[2mnode_modules/@testing-library/dom/dist/query-helpers.js\u001b[2m:125:15\u001b[22m\u001b[2m\u001b[22m\n\u001b[2m      \u001b[2mat Object.<anonymous> (\u001b[22m\u001b[2m\u001b[0m\u001b[36msrc/components/ParallexComponent/Parallex.test.tsx\u001b[39m\u001b[0m\u001b[2m:13:17)\u001b[22m\u001b[2m\u001b[22m\n","name":"D:\\Documents\\Felix\\Projects\\react-useful-component\\src\\components\\ParallexComponent\\Parallex.test.tsx","startTime":1606023660549,"status":"failed","summary":""}],"wasInterrupted":false}